<?xml version="1.0" encoding="UTF-8"?>
<testng-results ignored="0" total="2" passed="2" failed="0" skipped="0">
  <reporter-output>
  </reporter-output>
  <suite started-at="2025-03-05T12:42:08 IST" name="Default suite" finished-at="2025-03-05T12:42:18 IST" duration-ms="9485">
    <groups>
    </groups>
    <test started-at="2025-03-05T12:42:08 IST" name="Default test" finished-at="2025-03-05T12:42:18 IST" duration-ms="9485">
      <class name="testcases.first_test">
        <test-method is-config="true" signature="setUp()[pri:0, instance:testcases.first_test@3af9c5b7]" started-at="2025-03-05T12:42:08 IST" name="setUp" finished-at="2025-03-05T12:42:13 IST" duration-ms="4364" status="PASS">
          <reporter-output>
          </reporter-output>
        </test-method> <!-- setUp -->
        <test-method is-config="true" signature="setUpExtent()[pri:0, instance:testcases.first_test@3af9c5b7]" started-at="2025-03-05T12:42:13 IST" name="setUpExtent" finished-at="2025-03-05T12:42:13 IST" duration-ms="254" status="PASS">
          <reporter-output>
          </reporter-output>
        </test-method> <!-- setUpExtent -->
        <test-method signature="login(java.lang.String,java.lang.String)[pri:0, instance:testcases.first_test@3af9c5b7]" started-at="2025-03-05T12:42:13 IST" name="login" data-provider="testdata" finished-at="2025-03-05T12:42:17 IST" duration-ms="3681" status="PASS">
          <params>
            <param index="0">
              <value>
                <![CDATA[standard_user]]>
              </value>
            </param>
            <param index="1">
              <value>
                <![CDATA[secret_sauce]]>
              </value>
            </param>
          </params>
          <reporter-output>
          </reporter-output>
        </test-method> <!-- login -->
        <test-method is-config="true" signature="closeReport()[pri:0, instance:testcases.first_test@3af9c5b7]" started-at="2025-03-05T12:42:17 IST" name="closeReport" finished-at="2025-03-05T12:42:18 IST" duration-ms="776" status="PASS">
          <reporter-output>
          </reporter-output>
        </test-method> <!-- closeReport -->
        <test-method is-config="true" signature="tearDownExtent()[pri:0, instance:testcases.first_test@3af9c5b7]" started-at="2025-03-05T12:42:18 IST" name="tearDownExtent" finished-at="2025-03-05T12:42:18 IST" duration-ms="24" status="PASS">
          <reporter-output>
          </reporter-output>
        </test-method> <!-- tearDownExtent -->
        <test-method signature="login(java.lang.String,java.lang.String)[pri:0, instance:testcases.first_test@3af9c5b7]" started-at="2025-03-05T12:42:18 IST" name="login" data-provider="testdata" finished-at="2025-03-05T12:42:18 IST" duration-ms="58" status="PASS">
          <params>
            <param index="0">
              <value>
                <![CDATA[p@yopmail.com]]>
              </value>
            </param>
            <param index="1">
              <value>
                <![CDATA[Pragya@123]]>
              </value>
            </param>
          </params>
          <reporter-output>
          </reporter-output>
        </test-method> <!-- login -->
        <test-method is-config="true" signature="closeReport()[pri:0, instance:testcases.first_test@3af9c5b7]" started-at="2025-03-05T12:42:18 IST" name="closeReport" finished-at="2025-03-05T12:42:18 IST" duration-ms="32" status="PASS">
          <reporter-output>
          </reporter-output>
        </test-method> <!-- closeReport -->
        <test-method is-config="true" signature="tearDownExtent()[pri:0, instance:testcases.first_test@3af9c5b7]" started-at="2025-03-05T12:42:18 IST" name="tearDownExtent" finished-at="2025-03-05T12:42:18 IST" duration-ms="25" status="PASS">
          <reporter-output>
          </reporter-output>
        </test-method> <!-- tearDownExtent -->
        <test-method is-config="true" signature="tearDown()[pri:0, instance:testcases.first_test@3af9c5b7]" started-at="2025-03-05T12:42:18 IST" name="tearDown" finished-at="2025-03-05T12:42:18 IST" duration-ms="186" status="PASS">
          <reporter-output>
          </reporter-output>
        </test-method> <!-- tearDown -->
      </class> <!-- testcases.first_test -->
    </test> <!-- Default test -->
  </suite> <!-- Default suite -->
</testng-results>
