<?xml version="1.0" encoding="UTF-8"?>
<testng-results ignored="0" total="2" passed="2" failed="0" skipped="0">
  <reporter-output>
  </reporter-output>
  <suite started-at="2025-03-04T10:37:55 IST" name="Default suite" finished-at="2025-03-04T10:38:05 IST" duration-ms="9804">
    <groups>
    </groups>
    <test started-at="2025-03-04T10:37:55 IST" name="Default test" finished-at="2025-03-04T10:38:05 IST" duration-ms="9804">
      <class name="testcases.first_test">
        <test-method is-config="true" signature="setUp()[pri:0, instance:testcases.first_test@3af9c5b7]" started-at="2025-03-04T10:37:55 IST" name="setUp" finished-at="2025-03-04T10:37:59 IST" duration-ms="4408" status="PASS">
          <reporter-output>
          </reporter-output>
        </test-method> <!-- setUp -->
        <test-method is-config="true" signature="setUpExtent()[pri:0, instance:testcases.first_test@3af9c5b7]" started-at="2025-03-04T10:37:59 IST" name="setUpExtent" finished-at="2025-03-04T10:38:00 IST" duration-ms="269" status="PASS">
          <reporter-output>
          </reporter-output>
        </test-method> <!-- setUpExtent -->
        <test-method signature="login(java.lang.String,java.lang.String)[pri:0, instance:testcases.first_test@3af9c5b7]" started-at="2025-03-04T10:38:00 IST" name="login" data-provider="testdata" finished-at="2025-03-04T10:38:04 IST" duration-ms="3855" status="PASS">
          <params>
            <param index="0">
              <value>
                <![CDATA[pragya@yopmail.com]]>
              </value>
            </param>
            <param index="1">
              <value>
                <![CDATA[Pragya@123]]>
              </value>
            </param>
          </params>
          <reporter-output>
          </reporter-output>
        </test-method> <!-- login -->
        <test-method is-config="true" signature="tearDownExtent()[pri:0, instance:testcases.first_test@3af9c5b7]" started-at="2025-03-04T10:38:04 IST" name="tearDownExtent" finished-at="2025-03-04T10:38:04 IST" duration-ms="759" status="PASS">
          <reporter-output>
          </reporter-output>
        </test-method> <!-- tearDownExtent -->
        <test-method is-config="true" signature="setUpExtent()[pri:0, instance:testcases.first_test@3af9c5b7]" started-at="2025-03-04T10:38:04 IST" name="setUpExtent" finished-at="2025-03-04T10:38:04 IST" duration-ms="4" status="PASS">
          <reporter-output>
          </reporter-output>
        </test-method> <!-- setUpExtent -->
        <test-method signature="login(java.lang.String,java.lang.String)[pri:0, instance:testcases.first_test@3af9c5b7]" started-at="2025-03-04T10:38:04 IST" name="login" data-provider="testdata" finished-at="2025-03-04T10:38:04 IST" duration-ms="57" status="PASS">
          <params>
            <param index="0">
              <value>
                <![CDATA[p@yopmail.com]]>
              </value>
            </param>
            <param index="1">
              <value>
                <![CDATA[Pragya@123]]>
              </value>
            </param>
          </params>
          <reporter-output>
          </reporter-output>
        </test-method> <!-- login -->
        <test-method is-config="true" signature="tearDownExtent()[pri:0, instance:testcases.first_test@3af9c5b7]" started-at="2025-03-04T10:38:04 IST" name="tearDownExtent" finished-at="2025-03-04T10:38:05 IST" duration-ms="149" status="PASS">
          <reporter-output>
          </reporter-output>
        </test-method> <!-- tearDownExtent -->
        <test-method is-config="true" signature="tearDown()[pri:0, instance:testcases.first_test@3af9c5b7]" started-at="2025-03-04T10:38:05 IST" name="tearDown" finished-at="2025-03-04T10:38:05 IST" duration-ms="231" status="PASS">
          <reporter-output>
          </reporter-output>
        </test-method> <!-- tearDown -->
      </class> <!-- testcases.first_test -->
    </test> <!-- Default test -->
  </suite> <!-- Default suite -->
</testng-results>
